<?xml version="1.0" encoding="UTF-8"?>
<testsuite xmlns:xsi="http://www.w3.org/2001/XMLSchema-instance" xsi:noNamespaceSchemaLocation="https://maven.apache.org/surefire/maven-surefire-plugin/xsd/surefire-test-report.xsd" version="3.0.2" name="artcreator.InitTest" time="0.066" tests="2" errors="0" skipped="0" failures="2">
  <properties>
    <property name="awt.toolkit" value="sun.awt.X11.XToolkit"/>
    <property name="java.specification.version" value="24"/>
    <property name="jdk.extensions.version" value="24.0.2.0"/>
    <property name="sun.jnu.encoding" value="UTF-8"/>
    <property name="java.class.path" value="/home/ede/Documents/SWE_Lab/ProjektCodeKI/target/test-classes:/home/ede/Documents/SWE_Lab/ProjektCodeKI/target/classes:/home/ede/.m2/repository/org/junit/jupiter/junit-jupiter-engine/6.0.1/junit-jupiter-engine-6.0.1.jar:/home/ede/.m2/repository/org/junit/platform/junit-platform-engine/6.0.1/junit-platform-engine-6.0.1.jar:/home/ede/.m2/repository/org/opentest4j/opentest4j/1.3.0/opentest4j-1.3.0.jar:/home/ede/.m2/repository/org/junit/platform/junit-platform-commons/6.0.1/junit-platform-commons-6.0.1.jar:/home/ede/.m2/repository/org/junit/jupiter/junit-jupiter-api/6.0.1/junit-jupiter-api-6.0.1.jar:/home/ede/.m2/repository/org/apiguardian/apiguardian-api/1.1.2/apiguardian-api-1.1.2.jar:/home/ede/.m2/repository/org/jspecify/jspecify/1.0.0/jspecify-1.0.0.jar:"/>
    <property name="java.vm.vendor" value="Eclipse OpenJ9"/>
    <property name="sun.arch.data.model" value="64"/>
    <property name="com.ibm.vm.bitmode" value="64"/>
    <property name="com.ibm.oti.vm.library.version" value="29"/>
    <property name="java.vendor.url" value="https://www.ibm.com/semeru-runtimes"/>
    <property name="jfr.unsupported.vm" value="true"/>
    <property name="java.vm.specification.version" value="24"/>
    <property name="os.name" value="Linux"/>
    <property name="sun.java.launcher" value="SUN_STANDARD"/>
    <property name="user.country" value="US"/>
    <property name="sun.boot.library.path" value="/usr/lib/jvm/java-24-openj9/lib/default:/usr/lib/jvm/java-24-openj9/lib"/>
    <property name="sun.java.command" value="/home/ede/Documents/SWE_Lab/ProjektCodeKI/target/surefire/surefirebooter-20260102185901397_3.jar /home/ede/Documents/SWE_Lab/ProjektCodeKI/target/surefire 2026-01-02T18-59-00_798-jvmRun1 surefire-20260102185901397_1tmp surefire_0-20260102185901397_2tmp"/>
    <property name="jdk.debug" value="release"/>
    <property name="surefire.test.class.path" value="/home/ede/Documents/SWE_Lab/ProjektCodeKI/target/test-classes:/home/ede/Documents/SWE_Lab/ProjektCodeKI/target/classes:/home/ede/.m2/repository/org/junit/jupiter/junit-jupiter-engine/6.0.1/junit-jupiter-engine-6.0.1.jar:/home/ede/.m2/repository/org/junit/platform/junit-platform-engine/6.0.1/junit-platform-engine-6.0.1.jar:/home/ede/.m2/repository/org/opentest4j/opentest4j/1.3.0/opentest4j-1.3.0.jar:/home/ede/.m2/repository/org/junit/platform/junit-platform-commons/6.0.1/junit-platform-commons-6.0.1.jar:/home/ede/.m2/repository/org/junit/jupiter/junit-jupiter-api/6.0.1/junit-jupiter-api-6.0.1.jar:/home/ede/.m2/repository/org/apiguardian/apiguardian-api/1.1.2/apiguardian-api-1.1.2.jar:/home/ede/.m2/repository/org/jspecify/jspecify/1.0.0/jspecify-1.0.0.jar:"/>
    <property name="sun.cpu.endian" value="little"/>
    <property name="user.home" value="/home/ede"/>
    <property name="user.language" value="en"/>
    <property name="java.specification.vendor" value="Oracle Corporation"/>
    <property name="java.version.date" value="2025-07-15"/>
    <property name="java.home" value="/usr/lib/jvm/java-24-openj9"/>
    <property name="ibm.signalhandling.rs" value="false"/>
    <property name="openjdk.methodhandles" value="true"/>
    <property name="jdk.extensions.name" value="Extensions for OpenJDK for Eclipse OpenJ9"/>
    <property name="file.separator" value="/"/>
    <property name="basedir" value="/home/ede/Documents/SWE_Lab/ProjektCodeKI"/>
    <property name="line.separator" value="&#10;"/>
    <property name="java.specification.name" value="Java Platform API Specification"/>
    <property name="java.vm.specification.vendor" value="Oracle Corporation"/>
    <property name="com.ibm.util.extralibs.properties" value=""/>
    <property name="java.awt.graphicsenv" value="sun.awt.X11GraphicsEnvironment"/>
    <property name="com.ibm.oti.configuration" value="scar"/>
    <property name="java.awt.fonts" value=""/>
    <property name="surefire.real.class.path" value="/home/ede/Documents/SWE_Lab/ProjektCodeKI/target/surefire/surefirebooter-20260102185901397_3.jar"/>
    <property name="com.ibm.oti.shared.enabled" value="false"/>
    <property name="com.ibm.oti.vm.bootstrap.library.path" value="/usr/lib/jvm/java-24-openj9/lib/default:/usr/lib/jvm/java-24-openj9/lib"/>
    <property name="com.ibm.cpu.endian" value="little"/>
    <property name="java.fullversion" value="24.0.2+12&#10;JRE 24 Linux amd64-64-Bit Compressed References 20250715_136 (JIT enabled, AOT enabled)&#10;OpenJ9   - c5589d1034&#10;OMR      - 3f1d7c8b3&#10;JCL      - b22e463b8c7 based on jdk-24.0.2+12"/>
    <property name="java.runtime.version" value="24.0.2+12"/>
    <property name="user.name" value="ede"/>
    <property name="stdout.encoding" value="UTF-8"/>
    <property name="path.separator" value=":"/>
    <property name="os.version" value="6.17.9-arch1-1"/>
    <property name="java.runtime.name" value="IBM Semeru Runtime Open Edition"/>
    <property name="ibm.signalhandling.sigint" value="true"/>
    <property name="org.eclipse.openj9.criu.isCRaCCapable" value="true"/>
    <property name="file.encoding" value="UTF-8"/>
    <property name="org.eclipse.openj9.criu.isCRIUCapable" value="true"/>
    <property name="java.vm.name" value="Eclipse OpenJ9 VM"/>
    <property name="openj9.compiler" value="j9jit29"/>
    <property name="java.vendor.version" value="24.0.2.0"/>
    <property name="ibm.signalhandling.sigchain" value="true"/>
    <property name="localRepository" value="/home/ede/.m2/repository"/>
    <property name="java.vendor.url.bug" value="https://github.com/ibmruntimes/Semeru-Runtimes/issues"/>
    <property name="java.io.tmpdir" value="/tmp"/>
    <property name="java.version" value="24.0.2"/>
    <property name="com.ibm.system.agent.path" value="/usr/lib/jvm/java-24-openj9/lib"/>
    <property name="user.dir" value="/home/ede/Documents/SWE_Lab/ProjektCodeKI"/>
    <property name="os.arch" value="amd64"/>
    <property name="org.eclipse.openj9.jfr.isJFREnabled" value="true"/>
    <property name="java.vm.specification.name" value="Java Virtual Machine Specification"/>
    <property name="java.awt.printerjob" value="sun.print.PSPrinterJob"/>
    <property name="os.encoding" value="UTF-8"/>
    <property name="native.encoding" value="UTF-8"/>
    <property name="java.library.path" value="/usr/lib/jvm/java-24-openj9/lib/default:/usr/lib/jvm/java-24-openj9/lib:/usr/lib64:/usr/lib"/>
    <property name="java.vm.info" value="JRE 24 Linux amd64-64-Bit Compressed References 20250715_136 (JIT enabled, AOT enabled)&#10;OpenJ9   - c5589d1034&#10;OMR      - 3f1d7c8b3&#10;JCL      - b22e463b8c7 based on jdk-24.0.2+12"/>
    <property name="stderr.encoding" value="UTF-8"/>
    <property name="java.vendor" value="IBM Corporation"/>
    <property name="java.vm.version" value="openj9-0.54.0"/>
    <property name="ibm.system.encoding" value="UTF-8"/>
    <property name="com.ibm.jcl.checkClassPath" value=""/>
    <property name="java.lang.invoke.VarHandle.VAR_HANDLE_GUARDS" value="false"/>
    <property name="sun.io.unicode.encoding" value="UnicodeLittle"/>
    <property name="java.class.version" value="68.0"/>
  </properties>
  <testcase name="useCaseVorlageErstellen" classname="artcreator.InitTest" time="0.03">
    <failure message="expected: not &lt;null&gt;" type="org.opentest4j.AssertionFailedError"><![CDATA[org.opentest4j.AssertionFailedError: expected: not <null>
	at org.junit.jupiter.api.AssertionFailureBuilder.build(AssertionFailureBuilder.java:159)
	at org.junit.jupiter.api.AssertionFailureBuilder.buildAndThrow(AssertionFailureBuilder.java:139)
	at org.junit.jupiter.api.AssertNotNull.failNull(AssertNotNull.java:55)
	at org.junit.jupiter.api.AssertNotNull.assertNotNull(AssertNotNull.java:40)
	at org.junit.jupiter.api.AssertNotNull.assertNotNull(AssertNotNull.java:34)
	at org.junit.jupiter.api.Assertions.assertNotNull(Assertions.java:325)
	at artcreator.InitTest.useCaseVorlageErstellen(InitTest.java:63)
]]></failure>
  </testcase>
  <testcase name="test" classname="artcreator.InitTest" time="0.016">
    <failure message="expected: &lt;true&gt; but was: &lt;false&gt;" type="org.opentest4j.AssertionFailedError"><![CDATA[org.opentest4j.AssertionFailedError: expected: <true> but was: <false>
	at org.junit.jupiter.api.AssertionFailureBuilder.build(AssertionFailureBuilder.java:158)
	at org.junit.jupiter.api.AssertionFailureBuilder.buildAndThrow(AssertionFailureBuilder.java:139)
	at org.junit.jupiter.api.AssertTrue.failNotTrue(AssertTrue.java:69)
	at org.junit.jupiter.api.AssertTrue.assertTrue(AssertTrue.java:41)
	at org.junit.jupiter.api.AssertTrue.assertTrue(AssertTrue.java:35)
	at org.junit.jupiter.api.Assertions.assertTrue(Assertions.java:195)
	at artcreator.InitTest.test(InitTest.java:30)
]]></failure>
  </testcase>
</testsuite>